Starting Nmap 7.91 ( https://nmap.org ) at 2020-12-21 15:33 PST
Pre-scan script results:
| broadcast-avahi-dos: 
|   Discovered hosts:
|     224.0.0.251
|   After NULL UDP avahi packet DoS (CVE-2011-1002).
|_  Hosts are all up (not vulnerable).
Nmap scan report for 10.10.105.183
Host is up (0.15s latency).
Not shown: 998 closed ports
PORT   STATE SERVICE VERSION
22/tcp open  ssh     OpenSSH 7.6p1 Ubuntu 4ubuntu0.3 (Ubuntu Linux; protocol 2.0)
| vulners: 
|   cpe:/a:openbsd:openssh:7.6p1: 
|     	EXPLOITPACK:98FE96309F9524B8C84C508837551A19	5.8	https://vulners.com/exploitpack/EXPLOITPACK:98FE96309F9524B8C84C508837551A19	*EXPLOIT*
|     	EXPLOITPACK:5330EA02EBDE345BFC9D6DDDD97F9E97	5.8	https://vulners.com/exploitpack/EXPLOITPACK:5330EA02EBDE345BFC9D6DDDD97F9E97	*EXPLOIT*
|     	EDB-ID:46516	5.8	https://vulners.com/exploitdb/EDB-ID:46516	*EXPLOIT*
|     	CVE-2019-6111	5.8	https://vulners.com/cve/CVE-2019-6111
|     	SSH_ENUM	5.0	https://vulners.com/canvas/SSH_ENUM	*EXPLOIT*
|     	PACKETSTORM:150621	5.0	https://vulners.com/packetstorm/PACKETSTORM:150621	*EXPLOIT*
|     	MSF:AUXILIARY/SCANNER/SSH/SSH_ENUMUSERS	5.0	https://vulners.com/metasploit/MSF:AUXILIARY/SCANNER/SSH/SSH_ENUMUSERS	*EXPLOIT*
|     	EXPLOITPACK:F957D7E8A0CC1E23C3C649B764E13FB0	5.0	https://vulners.com/exploitpack/EXPLOITPACK:F957D7E8A0CC1E23C3C649B764E13FB0	*EXPLOIT*
|     	EXPLOITPACK:EBDBC5685E3276D648B4D14B75563283	5.0	https://vulners.com/exploitpack/EXPLOITPACK:EBDBC5685E3276D648B4D14B75563283	*EXPLOIT*
|     	EDB-ID:45939	5.0	https://vulners.com/exploitdb/EDB-ID:45939	*EXPLOIT*
|     	CVE-2018-15919	5.0	https://vulners.com/cve/CVE-2018-15919
|     	CVE-2018-15473	5.0	https://vulners.com/cve/CVE-2018-15473
|     	1337DAY-ID-31730	5.0	https://vulners.com/zdt/1337DAY-ID-31730	*EXPLOIT*
|     	EDB-ID:45233	4.6	https://vulners.com/exploitdb/EDB-ID:45233	*EXPLOIT*
|     	CVE-2019-16905	4.4	https://vulners.com/cve/CVE-2019-16905
|     	CVE-2019-6110	4.0	https://vulners.com/cve/CVE-2019-6110
|     	CVE-2019-6109	4.0	https://vulners.com/cve/CVE-2019-6109
|     	CVE-2018-20685	2.6	https://vulners.com/cve/CVE-2018-20685
|     	PACKETSTORM:151227	0.0	https://vulners.com/packetstorm/PACKETSTORM:151227	*EXPLOIT*
|     	EDB-ID:46193	0.0	https://vulners.com/exploitdb/EDB-ID:46193	*EXPLOIT*
|     	1337DAY-ID-32009	0.0	https://vulners.com/zdt/1337DAY-ID-32009	*EXPLOIT*
|_    	1337DAY-ID-30937	0.0	https://vulners.com/zdt/1337DAY-ID-30937	*EXPLOIT*
80/tcp open  http    Golang net/http server (Go-IPFS json-rpc or InfluxDB API)
|_http-csrf: Couldn't find any CSRF vulnerabilities.
|_http-dombased-xss: Couldn't find any DOM based XSS.
| http-enum: 
|   /admin.html: Possible admin folder
|   /css/: Potentially interesting folder
|   /downloads/: Potentially interesting folder
|_  /img/: Potentially interesting folder
| http-jsonp-detection: 
| The following JSONP endpoints were detected: 
|_/main.js
|_http-stored-xss: Couldn't find any stored XSS vulnerabilities.
Service Info: OS: Linux; CPE: cpe:/o:linux:linux_kernel

Service detection performed. Please report any incorrect results at https://nmap.org/submit/ .
Nmap done: 1 IP address (1 host up) scanned in 561.76 seconds
